<?xml version="1.0" encoding="UTF-8"?>
<!-- Generated by org.testng.reporters.JUnitReportReporter -->
<testsuite hostname="DESKTOP-7SNL7GR" failures="0" tests="1" name="Practise_Package.Test1" time="1.176" errors="0" timestamp="2022-12-25T21:47:22 IST" skipped="0">
  <testcase classname="Practise_Package.Test1" name="demo" time="1.176"/>
  <system-out/>
</testsuite> <!-- Practise_Package.Test1 -->
