<?xml version="1.0" encoding="UTF-8"?>
<!-- Generated by org.testng.reporters.JUnitReportReporter -->
<testsuite hostname="DESKTOP-7SNL7GR" failures="0" tests="2" name="Practise_Package.Test1" time="0.041" errors="0" timestamp="2022-12-25T23:16:07 IST" skipped="0">
  <testcase classname="Practise_Package.Test1" name="demo" time="0.018"/>
  <system-out/>
  <testcase classname="Practise_Package.Test1" name="call" time="0.023"/>
  <system-out/>
</testsuite> <!-- Practise_Package.Test1 -->
